app/build/intermediates/manifest_merge_blame_file/debug/processDebugMainManifest/manifest-merger-blame-debug-report.txt
1<?xml version="1.0" encoding="utf-8"?>
2<manifest xmlns:android="http://schemas.android.com/apk/res/android"
3    package="com.umniah.vpn"
4    android:versionCode="1"
5    android:versionName="1.0" >
6
7    <uses-sdk
8        android:minSdkVersion="24"
9        android:targetSdkVersion="35" />
10
11    <uses-permission android:name="android.permission.INTERNET" />
11-->src/main/AndroidManifest.xml:3:5-66
11-->src/main/AndroidManifest.xml:3:22-64
12    <uses-permission android:name="android.permission.FOREGROUND_SERVICE" />
12-->src/main/AndroidManifest.xml:4:5-76
12-->src/main/AndroidManifest.xml:4:22-74
13    <uses-permission android:name="android.permission.FOREGROUND_SERVICE_SPECIAL_USE" />
13-->src/main/AndroidManifest.xml:5:5-88
13-->src/main/AndroidManifest.xml:5:22-86
14
15    <application
15-->src/main/AndroidManifest.xml:7:5-42:19
16        android:debuggable="true"
17        android:extractNativeLibs="false"
18        android:icon="@drawable/ic_umniah"
18-->src/main/AndroidManifest.xml:10:9-43
19        android:label="Umniah VPN"
19-->src/main/AndroidManifest.xml:9:9-35
20        android:resizeableActivity="true"
20-->src/main/AndroidManifest.xml:11:9-42
21        android:theme="@style/AppTheme"
21-->src/main/AndroidManifest.xml:8:9-40
22        android:usesCleartextTraffic="true" >
22-->src/main/AndroidManifest.xml:12:9-44
23        <activity
23-->src/main/AndroidManifest.xml:14:9-24:20
24            android:name="com.umniah.vpn.MainActivity"
24-->src/main/AndroidManifest.xml:15:13-41
25            android:exported="true"
25-->src/main/AndroidManifest.xml:17:13-36
26            android:screenOrientation="portrait" >
26-->src/main/AndroidManifest.xml:16:13-49
27            <intent-filter>
27-->src/main/AndroidManifest.xml:19:13-22:29
28                <action android:name="android.intent.action.MAIN" />
28-->src/main/AndroidManifest.xml:20:17-68
28-->src/main/AndroidManifest.xml:20:25-66
29
30                <category android:name="android.intent.category.LAUNCHER" />
30-->src/main/AndroidManifest.xml:21:17-76
30-->src/main/AndroidManifest.xml:21:27-74
31            </intent-filter>
32        </activity>
33
34        <service
34-->src/main/AndroidManifest.xml:26:9-40:19
35            android:name="com.umniah.vpn.UmniahVpnService"
35-->src/main/AndroidManifest.xml:27:13-45
36            android:exported="false"
36-->src/main/AndroidManifest.xml:29:13-37
37            android:foregroundServiceType="specialUse"
37-->src/main/AndroidManifest.xml:30:13-55
38            android:permission="android.permission.BIND_VPN_SERVICE" >
38-->src/main/AndroidManifest.xml:28:13-69
39            <intent-filter>
39-->src/main/AndroidManifest.xml:32:13-34:29
40                <action android:name="android.net.VpnService" />
40-->src/main/AndroidManifest.xml:33:17-64
40-->src/main/AndroidManifest.xml:33:25-62
41            </intent-filter>
42
43            <property
43-->src/main/AndroidManifest.xml:36:13-38:49
44                android:name="android.app.PROPERTY_SPECIAL_USE_FGS_SUBTYPE"
44-->src/main/AndroidManifest.xml:37:17-76
45                android:value="vpn_connection" />
45-->src/main/AndroidManifest.xml:38:17-47
46        </service>
47    </application>
48
49</manifest>